<?xml version="1.0" encoding="UTF-8"?>
<!-- Generated by org.testng.reporters.JUnitReportReporter -->
<testsuite hostname="Aditya-Laptop" name="runner.RunCukesTest" tests="2" failures="0" timestamp="29 Jun 2018 09:23:38 GMT" time="0.859" errors="0">
  <testcase name="feature" time="0.832" classname="runner.RunCukesTest"/>
  <testcase name="feature" time="0.027" classname="runner.RunCukesTest"/>
</testsuite> <!-- runner.RunCukesTest -->
