<?xml version="1.0" encoding="UTF-8"?>
<!-- Generated by org.testng.reporters.JUnitReportReporter -->
<testsuite hostname="Aditya-Laptop" name="step_definitions.RunCukesTest" tests="2" failures="0" timestamp="28 Jun 2018 13:02:09 GMT" time="30.484" errors="0">
  <testcase name="feature" time="12.354" classname="step_definitions.RunCukesTest"/>
  <testcase name="feature" time="18.130" classname="step_definitions.RunCukesTest"/>
</testsuite> <!-- step_definitions.RunCukesTest -->
